 Process in group number            1
 A PDF is used, so alpha_s(MZ) is going to be modified
 Old value of alpha_s from param_card:   0.11799999999999999     
  ****************************************
 
       NNPDFDriver version 1.0.3
   Grid: NNPDF23_lo_as_0130_qed_mem0.grid
  ****************************************
 New value of alpha_s from PDF nn23lo1:  0.13000000000000000     
 Define smin to   1600.0000000000000     
 Define smin to   1600.0000000000000     
 *****************************************************
 *               MadGraph/MadEvent                   *
 *        --------------------------------           *
 *          http://madgraph.hep.uiuc.edu             *
 *          http://madgraph.phys.ucl.ac.be           *
 *          http://madgraph.roma2.infn.it            *
 *        --------------------------------           *
 *                                                   *
 *          PARAMETER AND COUPLING VALUES            *
 *                                                   *
 *****************************************************

  External Params
  ---------------------------------
  
 aEWM1 =    132.50700000000001     
 mdl_Gf =    1.1663900000000000E-005
 aS =   0.11799999999999999     
 mdl_ymb =    4.7000000000000002     
 mdl_ymt =    173.00000000000000     
 mdl_ymtau =    1.7769999999999999     
 mdl_MZ =    91.188000000000002     
 mdl_MT =    173.00000000000000     
 mdl_MB =    4.7000000000000002     
 mdl_MH =    125.00000000000000     
 mdl_MTA =    1.7769999999999999     
 mdl_WZ =    2.4414039999999999     
 mdl_WW =    2.0476000000000001     
 mdl_WT =    1.4915000000000000     
 mdl_WH =    6.3823389999999999E-003
  Internal Params
  ---------------------------------
  
 mdl_conjg__CKM3x3 =    1.0000000000000000     
 mdl_CKM3x3 =    1.0000000000000000     
 mdl_conjg__CKM1x1 =    1.0000000000000000     
 mdl_complexi =                (0.0000000000000000,1.0000000000000000)
 mdl_MZ__exp__2 =    8315.2513440000002     
 mdl_MZ__exp__4 =    69143404.913893804     
 mdl_sqrt__2 =    1.4142135623730951     
 mdl_MH__exp__2 =    15625.000000000000     
 mdl_aEW =    7.5467711139788835E-003
 mdl_MW =    80.419002445756163     
 mdl_sqrt__aEW =    8.6872153846781555E-002
 mdl_ee =   0.30795376724436879     
 mdl_MW__exp__2 =    6467.2159543705357     
 mdl_sw2 =   0.22224648578577766     
 mdl_cw =   0.88190334743339216     
 mdl_sqrt__sw2 =   0.47143025548407230     
 mdl_sw =   0.47143025548407230     
 mdl_g1 =   0.34919219678733299     
 mdl_gw =   0.65323293034757990     
 mdl_vev =    246.21845810181637     
 mdl_vev__exp__2 =    60623.529110035903     
 mdl_lam =   0.12886910601690263     
 mdl_yb =    2.6995554250465490E-002
 mdl_yt =   0.99366614581500623     
 mdl_ytau =    1.0206617000654717E-002
 mdl_muH =    88.388347648318430     
 mdl_I1x33 =          (2.69955542504654901E-002,0.0000000000000000)
 mdl_I2x33 =               (0.99366614581500623,0.0000000000000000)
 mdl_I3x33 =               (0.99366614581500623,0.0000000000000000)
 mdl_I4x33 =          (2.69955542504654901E-002,0.0000000000000000)
 mdl_ee__exp__2 =    9.4835522759998875E-002
 mdl_sw__exp__2 =   0.22224648578577769     
 mdl_cw__exp__2 =   0.77775351421422245     
  Internal Params evaluated point by point
  ----------------------------------------
  
 mdl_sqrt__aS =   0.34351128074635334     
 mdl_G__exp__2 =    1.4828317324943823     
  Couplings of sm
  ---------------------------------
  
        GC_10 =  -0.12177E+01   0.00000E+00
        GC_11 =   0.00000E+00   0.12177E+01
        GC_12 =   0.00000E+00   0.14828E+01

 Collider parameters:
 --------------------

 Running at P P   machine @    13000.000000000000       GeV
 PDF set = nn23lo1
 alpha_s(Mz)= 0.1300 running at 2 loops.
 alpha_s(Mz)= 0.1300 running at 2 loops.
 Renormalization scale set on event-by-event basis
 Factorization   scale set on event-by-event basis


 getting user params
Enter number of events and max and min iterations: 
 Number of events and iterations         2000           8           3
Enter desired fractional accuracy: 
 Desired fractional accuracy:    1.0000000000000000E-002
Enter 0 for fixed, 2 for adjustable grid: 
Suppress amplitude (0 no, 1 yes)? 
 Using suppressed amplitude.
Exact helicity sum (0 yes, n = number/event)? 
 Explicitly summing over helicities
Enter Configuration Number: 
Running Configuration Number:    2
 Not subdividing B.W.
 Attempting mappinvarients           1           4
 Completed mapping           4
 about to integrate            4        2000           8           3           4           1
 Using non-zero grid deformation.
  4 dimensions   2000 events  4 invarients  8 iterations  1 config(s),  (0.99)
 Using h-tuple random number sequence.
 Error opening grid
 Using Uniform Grid!          16
 Using uniform alpha   1.0000000000000000     
 Grid defined OK
 Set CM energy to      13000.00
 Mapping Graph           2  to config           2
Setting grid   1    0.23669E-05   1
 Transforming s_hat 1/s            3   9.4674556213017761E-006   1600.0000000000000        168999999.99999997     
   2   1   2   3   4
 Masses: 0.000E+00 0.000E+00 0.000E+00 0.000E+00
Using random seed offsets     2 :      3
  with seed                   24
 Ranmar initialization seeds       31060        9400
 
 ********************************************
 * You are using the DiscreteSampler module *
 *      part of the MG5_aMC framework       *
 *         Author: Valentin Hirschi         *
 ********************************************
 
  Particle       3       4
      Et >    20.0    20.0
       E >     0.0     0.0
     Eta <     5.0     5.0
   xqcut:      0.0     0.0
d R # 3  >    -0.0     0.4
s min # 3>     0.0     0.0
xqcutij # 3>     0.0     0.0
 alpha_s for scale    61.065561010873019       is   0.13934136786788343     
 Added good helicity            2   1.0934217336726393       in event            1 local:           1
 Added good helicity            5   6.9065782663273598       in event            1 local:           1
 Added good helicity           12   6.9065782663273598       in event            1 local:           1
 Added good helicity           15   1.0934217336726393       in event            1 local:           1
 Added good helicity            2   1.0934217336726391       in event            1 local:           1
 Added good helicity            5   6.9065782663273616       in event            1 local:           1
 Added good helicity           12   6.9065782663273616       in event            1 local:           1
 Added good helicity           15   1.0934217336726391       in event            1 local:           1
 RESET CUMULATIVE VARIABLE
 RESET CUMULATIVE VARIABLE
 RESET CUMULATIVE VARIABLE
 Iteration  1   Mean: 0.1320E+08 Abs mean: 0.1320E+08   Fluctuation:  0.323E+06   0.379E+08    50.4%
  1    0.1320E+08 0.1320E+08 +- 0.3229E+06      1.09
 Writing out events   1635.1997775917368        1.0943385391298912     
 Relative summed weights:
  0.3254E+00  0.3581E+00  0.1510E+00  0.1654E+00
 Relative number of events:
  0.2917E+00  0.3260E+00  0.1894E+00  0.1928E+00
 Events:
         587         656         381         388
 Iteration  2   Mean: 0.1351E+08 Abs mean: 0.1351E+08   Fluctuation:  0.173E+06   0.439E+08    70.5%
  2    0.1351E+08 0.1351E+08 +- 0.1725E+06      0.81
 Relative summed weights:
  0.3494E+00  0.3223E+00  0.1706E+00  0.1576E+00
 Relative number of events:
  0.3342E+00  0.3135E+00  0.1812E+00  0.1710E+00
 Events:
        1337        1254         725         684
 Iteration  3   Mean: 0.1351E+08 Abs mean: 0.1351E+08   Fluctuation:  0.111E+06   0.446E+08    74.2%
  3    0.1351E+08 0.1351E+08 +- 0.1105E+06      0.73
 Relative summed weights:
  0.3353E+00  0.3333E+00  0.1608E+00  0.1705E+00
 Relative number of events:
  0.3251E+00  0.3251E+00  0.1725E+00  0.1772E+00
 Events:
        2601        2601        1380        1418
 Accuracy:    0.004   0.010   0.007   0.410
 Finished due to accuracy    4.2452854920352499E-003   1.0000000000000000E-002

 -------------------------------------------------------------------------------
 Accumulated results:   Integral =  0.1348E+08
                        Std dev  =  0.8943E+05
                       Cross sec =  0.1348E+08
             Chi**2 per DoF.     =      0.4098
 -------------------------------------------------------------------------------
 Found         1073  events.
 Wrote         1068  events.
 Actual xsec    13484588.026313577     
 Correct abs xsec    13484588.026313577     
 Event xsec    13484588.026313705     
 Events wgts > 1:         1068
 % Cross section > 1:    3.8853613659739494E-009   2.8813348679189085E-014
-------------------------------------------------
---------------------------
 Results Last   3 iters: Integral =   0.1348E+08
                     Abs integral =   0.1348E+08
                          Std dev =   0.8943E+05
                  Chi**2 per DoF. =      0.4264
-------------------------------------------------
---------------------------
 Status   1.0000000000000000E-002           4           8

ls status:
events.lhe
ftn26
input_app.txt
results.dat
run1_app.log
